GUI process started
Release BIOS data information
Initial BIOS data information
Init BIOS PCD database
Create IFR package in BIOS data
Now parsing Hii data, please wait a minute...
Release BIOS PCD database
Release IFR package
Init BIOS PCD database
Release BIOS PCD database
Release IFR package
Init BIOS fd variable object.
Release BIOS variable object.
Open Setup editor
Init BIOS PCD database
Create IFR package in BIOS data
Init BIOS PCD database
No boot device exists
Initialize boot type in protocol
Run SCU parser
Create Link in current Form(0x1)
Release BIOS PCD database
Release IFR package
Release BIOS PCD database
Modify SCU setting strings
Init BIOS PCD database
Release BIOS PCD database
Modify SCU browser interface strings
Init BIOS PCD database
Compress BIOS data information
Compress Firmware Volume....
Release BIOS PCD database
Write changes to BIOS data
Refresh String editor
Init BIOS PCD database
Create IFR package in BIOS data
Now parsing Hii data, please wait a minute...
Release BIOS PCD database
Release IFR package
Init BIOS PCD database
Release BIOS PCD database
Release IFR package
Release BIOS data information
Initial BIOS data information
Refresh Variable editor
Init BIOS fd variable object.
Release BIOS variable object.
Refresh String editor
Init BIOS PCD database
Create IFR package in BIOS data
Now parsing Hii data, please wait a minute...
Release BIOS PCD database
Release IFR package
Init BIOS PCD database
Release BIOS PCD database
Release IFR package
Init BIOS PCD database
Create IFR package in BIOS data
Now parsing Hii data, please wait a minute...
Run SCU parser
Release BIOS PCD database
Release IFR package
Init BIOS PCD database
Read TXT file
Create IFR package in BIOS data
Run SCU parser
Now Parsing File and save settings, please wait a minute...

(0x3BA, 1, 0x2A9481A84954A43E, 0x1F9F6) CPU Temp
 Format Error !
The Value is smaller than Minimum.

(0x54D, 1, 0x2A9481A84954A43E, 0x215DE) Number of USB Devices
 Format Error !
The Value is smaller than Minimum.
Modify default store region... success
Modify IFR default... success
Some region data was modified successfully, but otherwise not
(0x133) "Setup Menu Insyde Full Show" was changed to value=0x1
Found count=3407, Changed count=1
Update HII information
Write all var store data
Update VARRC information
Compress BIOS data information
Compress Firmware Volume....
Release BIOS PCD database
Release IFR package
Refresh String editor
Init BIOS PCD database
Create IFR package in BIOS data
Now parsing Hii data, please wait a minute...
Release BIOS PCD database
Release IFR package
Init BIOS PCD database
Release BIOS PCD database
Release IFR package
Refresh Variable editor
Init BIOS fd variable object.
Release BIOS variable object.
Open Setup editor
Init BIOS PCD database
Create IFR package in BIOS data
Init BIOS PCD database
No boot device exists
Initialize boot type in protocol
Run SCU parser
Create Link in current Form(0x1)
Release BIOS PCD database
Release IFR package
Release BIOS PCD database
Modify SCU setting strings
Init BIOS PCD database
Release BIOS PCD database
Modify SCU browser interface strings
Init BIOS PCD database
Release BIOS PCD database
Write changes to BIOS data
Refresh String editor
Init BIOS PCD database
Create IFR package in BIOS data
Now parsing Hii data, please wait a minute...
Release BIOS PCD database
Release IFR package
Init BIOS PCD database
Release BIOS PCD database
Release IFR package
Release BIOS data information
Initial BIOS data information
Refresh Variable editor
Init BIOS fd variable object.
Release BIOS variable object.
Refresh String editor
Init BIOS PCD database
Create IFR package in BIOS data
Now parsing Hii data, please wait a minute...
Release BIOS PCD database
Release IFR package
Init BIOS PCD database
Release BIOS PCD database
Release IFR package
Release BIOS data information
Release BIOS variable object.
